\BOOKMARK [0][-]{Doc-Start}{\376\377\060\157\060\130\060\201\060\153}{}% 1
\BOOKMARK [0][-]{chapter.1}{\376\377\060\000\060\000\000\040\156\226\120\231}{}% 2
\BOOKMARK [1][-]{section.1.1}{\376\377\000V\000e\000h\000i\000c\000l\000e\000\040\000A\000d\000\040\000H\000o\000c\000\040\000N\000e\000t\000w\000o\000r\000k}{chapter.1}% 3
\BOOKMARK [1][-]{section.1.2}{\376\377\000G\000r\000e\000e\000d\000y\000\040\000P\000e\000r\000i\000m\000e\000t\000e\000r\000\040\000S\000t\000a\000t\000e\000l\000e\000s\000s\000\040\000R\000o\000u\000t\000i\000n\000g}{chapter.1}% 4
\BOOKMARK [1][-]{section.1.3}{\376\377\060\307\060\270\060\277\060\353\177\162\124\015}{chapter.1}% 5
\BOOKMARK [1][-]{section.1.4}{\376\377\000n\000s\000-\0003}{chapter.1}% 6
\BOOKMARK [0][-]{chapter.2}{\376\377\060\000\060\000\000\040\225\242\220\043\170\024\172\166}{}% 7
\BOOKMARK [0][-]{chapter.3}{\376\377\060\000\060\000\000\040\000E\000d\000D\000S\000A}{}% 8
\BOOKMARK [1][-]{section.3.1}{\376\377\060\304\060\244\060\271\060\310\060\250\060\311\060\357\060\374\060\272\146\362\175\332}{chapter.3}% 9
\BOOKMARK [1][-]{section.3.2}{\376\377\060\307\060\374\060\277\060\156\131\011\143\333}{chapter.3}% 10
\BOOKMARK [1][-]{section.3.3}{\376\377\060\321\060\351\060\341\060\374\060\277}{chapter.3}% 11
\BOOKMARK [1][-]{section.3.4}{\376\377\060\307\060\270\060\277\060\353\177\162\124\015\060\242\060\353\060\264\060\352\060\272\060\340}{chapter.3}% 12
\BOOKMARK [1][-]{section.3.5}{\376\377\000E\000C\000D\000S\000A\060\150\000E\000d\000D\000S\000A\060\156\153\324\217\003}{chapter.3}% 13
\BOOKMARK [0][-]{chapter.4}{\376\377\060\000\060\000\000\040\143\320\150\110\142\113\154\325}{}% 14
\BOOKMARK [0][-]{chapter.5}{\376\377\060\000\060\000\000\040\060\267\060\337\060\345\060\354\060\374\060\267\060\347\060\363\164\260\130\203}{}% 15
\BOOKMARK [0][-]{chapter.6}{\376\377\060\000\060\000\000\040\133\237\232\023}{}% 16
\BOOKMARK [1][-]{section.6.1}{\376\377\133\237\232\023\0001}{chapter.6}% 17
\BOOKMARK [1][-]{section.6.2}{\376\377\133\237\232\023\0002}{chapter.6}% 18
\BOOKMARK [1][-]{section.6.3}{\376\377\133\237\232\023\0003}{chapter.6}% 19
\BOOKMARK [0][-]{chapter.7}{\376\377\060\000\060\000\000\040\000E\000d\000D\000S\000A\060\153\225\242\060\131\060\213\133\237\210\305\212\125\117\241\060\176\060\150\060\201}{}% 20
\BOOKMARK [0][-]{Item.72}{\376\377\060\112\060\217\060\212\060\153}{}% 21
\BOOKMARK [0][-]{Item.72}{\376\377\213\035\217\236}{}% 22
\BOOKMARK [0][-]{Item.72}{\376\377\123\302\200\003\145\207\163\056}{}% 23
